<?xml version="1.0" encoding="UTF-8"?>
<testng-results total="1" passed="1" failed="0" skipped="0">
  <reporter-output>
  </reporter-output>
  <suite started-at="2019-12-27T19:46:24Z" name="Suite" finished-at="2019-12-27T19:46:26Z" duration-ms="2196">
    <groups>
    </groups>
    <test started-at="2019-12-27T19:46:24Z" name="Test" finished-at="2019-12-27T19:46:26Z" duration-ms="2196">
      <class name="com.test.restApis.GetReqBDD">
        <test-method signature="test_NumOfCircuits_2017()[pri:0, instance:com.test.restApis.GetReqBDD@625732]" started-at="2019-12-27T11:46:24Z" name="test_NumOfCircuits_2017" finished-at="2019-12-27T11:46:26Z" duration-ms="2180" status="PASS">
          <reporter-output>
          </reporter-output>
        </test-method> <!-- test_NumOfCircuits_2017 -->
      </class> <!-- com.test.restApis.GetReqBDD -->
    </test> <!-- Test -->
  </suite> <!-- Suite -->
</testng-results>
