<?xml version="1.0" encoding="UTF-8"?>
<testng-results ignored="0" total="1" passed="1" failed="0" skipped="0">
  <reporter-output>
  </reporter-output>
  <suite started-at="2019-12-26T20:09:01 PST" name="Default suite" finished-at="2019-12-26T20:09:04 PST" duration-ms="3385">
    <groups>
    </groups>
    <test started-at="2019-12-26T20:09:01 PST" name="Default test" finished-at="2019-12-26T20:09:04 PST" duration-ms="3385">
      <class name="com.test.restApis.GetReqBDD">
        <test-method signature="test_NumOfCircuits_2017()[pri:0, instance:com.test.restApis.GetReqBDD@4f638935]" started-at="2019-12-26T20:09:01 PST" name="test_NumOfCircuits_2017" finished-at="2019-12-26T20:09:04 PST" duration-ms="3322" status="PASS">
          <reporter-output>
          </reporter-output>
        </test-method> <!-- test_NumOfCircuits_2017 -->
      </class> <!-- com.test.restApis.GetReqBDD -->
    </test> <!-- Default test -->
  </suite> <!-- Default suite -->
</testng-results>
